<?xml version="1.0" encoding="UTF-8"?>
<!-- Generated by org.testng.reporters.JUnitReportReporter -->
<testsuite hostname="Kaviyam" name="org.geetha.testng.CommonUtilsTest" tests="10" failures="0" timestamp="20 Dec 2016 03:03:57 GMT" time="0.145" errors="0">
  <testcase name="testGetAbsNumberGreatestWithoutNum" time="0.002" classname="org.geetha.testng.CommonUtilsTest"/>
  <testcase name="testToList" time="0.069" classname="org.geetha.testng.CommonUtilsTest"/>
  <testcase name="testisPercentOrNumStrWithPercent" time="0.002" classname="org.geetha.testng.CommonUtilsTest"/>
  <testcase name="testGetAbsNumberGreatestWithNum" time="0.002" classname="org.geetha.testng.CommonUtilsTest"/>
  <testcase name="testToListEmptyString" time="0.002" classname="org.geetha.testng.CommonUtilsTest"/>
  <testcase name="testGetAbsNumberGreatest" time="0.061" classname="org.geetha.testng.CommonUtilsTest"/>
  <testcase name="testisPercentOrNumStr" time="0.002" classname="org.geetha.testng.CommonUtilsTest"/>
  <testcase name="testisPercentOrNumStrWithNum" time="0.001" classname="org.geetha.testng.CommonUtilsTest"/>
  <testcase name="testGetAbsNumberGreatestWithPercent" time="0.002" classname="org.geetha.testng.CommonUtilsTest"/>
  <testcase name="testisPercentOrNumStrWithoutNum" time="0.002" classname="org.geetha.testng.CommonUtilsTest"/>
</testsuite> <!-- org.geetha.testng.CommonUtilsTest -->
