<?xml version="1.0" encoding="UTF-8"?>
<!-- Generated by org.testng.reporters.JUnitReportReporter -->
<testsuite hostname="Kaviyam" name="org.geetha.testng.TestExcepSubClass" tests="2" failures="0" timestamp="17 Nov 2017 02:17:14 GMT" time="0.009" errors="0">
  <testcase name="test1" time="0.001" classname="org.geetha.testng.TestExcepSubClass"/>
  <testcase name="test" time="0.008" classname="org.geetha.testng.TestExcepSubClass"/>
</testsuite> <!-- org.geetha.testng.TestExcepSubClass -->
