<?xml version="1.0" encoding="UTF-8"?>
<!-- Generated by org.testng.reporters.JUnitReportReporter -->
<testsuite hostname="Kaviyam" name="org.geetha.testng.selenium.RadioButtonsTest" tests="1" failures="0" timestamp="6 Oct 2017 18:07:06 GMT" time="8.707" errors="0">
  <testcase name="f1" time="8.707" classname="org.geetha.testng.selenium.RadioButtonsTest"/>
</testsuite> <!-- org.geetha.testng.selenium.RadioButtonsTest -->
