<?xml version="1.0" encoding="UTF-8"?>
<!-- Generated by org.testng.reporters.JUnitReportReporter -->
<testsuite hostname="Kaviyam" name="org.geetha.testng.selenium.DealsChromeTest" tests="1" failures="0" timestamp="11 Oct 2017 18:22:47 GMT" time="2.998" errors="0">
  <testcase name="selectCategory" time="2.998" classname="org.geetha.testng.selenium.DealsChromeTest"/>
</testsuite> <!-- org.geetha.testng.selenium.DealsChromeTest -->
