<?xml version="1.0" encoding="UTF-8"?>
<!-- Generated by org.testng.reporters.JUnitReportReporter -->
<testsuite hostname="Kaviyam" name="org.geetha.testng.selenium.DataDrivenTest" tests="4" failures="0" timestamp="12 Oct 2017 19:22:12 GMT" time="0.504" errors="0">
  <testcase name="testFirefox" time="0.110" classname="org.geetha.testng.selenium.DataDrivenTest"/>
  <testcase name="testFirefox" time="0.188" classname="org.geetha.testng.selenium.DataDrivenTest"/>
  <testcase name="testFirefox" time="0.105" classname="org.geetha.testng.selenium.DataDrivenTest"/>
  <testcase name="testFirefox" time="0.101" classname="org.geetha.testng.selenium.DataDrivenTest"/>
</testsuite> <!-- org.geetha.testng.selenium.DataDrivenTest -->
