<?xml version="1.0" encoding="UTF-8"?>
<!-- Generated by org.testng.reporters.JUnitReportReporter -->
<testsuite hostname="Kaviyam" name="org.geetha.testng.selenium.QaTools" tests="1" failures="0" timestamp="22 Dec 2016 20:45:34 GMT" time="6.469" errors="0">
  <testcase name="navigateCommands" time="6.469" classname="org.geetha.testng.selenium.QaTools"/>
</testsuite> <!-- org.geetha.testng.selenium.QaTools -->
