<?xml version="1.0" encoding="UTF-8"?>
<!-- Generated by org.testng.reporters.JUnitReportReporter -->
<testsuite hostname="Kaviyam" name="org.geetha.testng.selenium.RadioButtons" tests="4" failures="0" timestamp="24 Dec 2016 06:13:43 GMT" time="18.701" errors="0">
  <testcase name="fCheckBoxes" time="4.431" classname="org.geetha.testng.selenium.RadioButtons"/>
  <testcase name="fCheckBoxesWithCSS" time="4.259" classname="org.geetha.testng.selenium.RadioButtons"/>
  <testcase name="fIsSelected" time="4.461" classname="org.geetha.testng.selenium.RadioButtons"/>
  <testcase name="f1" time="5.550" classname="org.geetha.testng.selenium.RadioButtons"/>
</testsuite> <!-- org.geetha.testng.selenium.RadioButtons -->
