<?xml version="1.0" encoding="UTF-8"?>
<!-- Generated by org.testng.reporters.JUnitReportReporter -->
<testsuite hostname="Kaviyam" name="org.geetha.testng.selenium.QaToolsTest" tests="1" failures="0" timestamp="6 Oct 2017 18:11:40 GMT" time="7.107" errors="0">
  <testcase name="f" time="7.107" classname="org.geetha.testng.selenium.QaToolsTest"/>
</testsuite> <!-- org.geetha.testng.selenium.QaToolsTest -->
