<?xml version="1.0" encoding="UTF-8"?>
<!-- Generated by org.testng.reporters.JUnitReportReporter -->
<testsuite hostname="Kaviyam" name="org.geetha.testng.selenium.ActionsTest" tests="1" failures="0" timestamp="12 Oct 2017 20:40:57 GMT" time="0.137" errors="0">
  <testcase name="testHoverMouse" time="0.137" classname="org.geetha.testng.selenium.ActionsTest"/>
</testsuite> <!-- org.geetha.testng.selenium.ActionsTest -->
