<?xml version="1.0" encoding="UTF-8"?>
<!-- Generated by org.testng.reporters.JUnitReportReporter -->
<testsuite hostname="Kaviyam" name="org.geetha.testng.testException" tests="2" failures="0" timestamp="15 Nov 2017 23:00:08 GMT" time="0.010" errors="0">
  <testcase name="test1" time="0.001" classname="org.geetha.testng.testException"/>
  <testcase name="test" time="0.009" classname="org.geetha.testng.testException"/>
</testsuite> <!-- org.geetha.testng.testException -->
