<?xml version="1.0" encoding="UTF-8"?>
<!-- Generated by org.testng.reporters.JUnitReportReporter -->
<testsuite hostname="Kaviyam" name="org.geetha.testng.CalculatorTest" tests="5" failures="0" timestamp="17 Nov 2017 02:17:14 GMT" time="0.009" errors="0">
  <testcase name="testCoun" time="0.001" classname="org.geetha.testng.CalculatorTest"/>
  <testcase name="testSub" time="0.002" classname="org.geetha.testng.CalculatorTest"/>
  <testcase name="testSub" time="0.002" classname="org.geetha.testng.CalculatorTest"/>
  <testcase name="testdiv" time="0.002" classname="org.geetha.testng.CalculatorTest"/>
  <testcase name="testSub" time="0.002" classname="org.geetha.testng.CalculatorTest"/>
</testsuite> <!-- org.geetha.testng.CalculatorTest -->
